This is pdfTeX, Version 3.1415926-1.40.10 (TeX Live 2009/Debian) (format=pdflatex 2011.10.28)  20 JAN 2012 10:33
entering extended mode
 %&-line parsing enabled.
**pmc_tutorial.tex
(./pmc_tutorial.tex
LaTeX2e <2009/09/24>
Babel <v3.8l> and hyphenation patterns for english, usenglishmax, dumylang, noh
yphenation, farsi, arabic, croatian, bulgarian, ukrainian, russian, czech, slov
ak, danish, dutch, finnish, french, basque, ngerman, german, german-x-2009-06-1
9, ngerman-x-2009-06-19, ibycus, monogreek, greek, ancientgreek, hungarian, san
skrit, italian, latin, latvian, lithuanian, mongolian2a, mongolian, bokmal, nyn
orsk, romanian, irish, coptic, serbian, turkish, welsh, esperanto, uppersorbian
, estonian, indonesian, interlingua, icelandic, kurmanji, slovenian, polish, po
rtuguese, spanish, galician, catalan, swedish, ukenglish, pinyin, loaded.
(/usr/share/texmf-texlive/tex/latex/elsarticle/elsarticle.cls
Document Class: elsarticle 2009/09/17, 1.2.0: Elsevier Ltd
\@bls=\dimen102
(/usr/share/texmf-texlive/tex/latex/base/article.cls
Document Class: article 2007/10/19 v1.4h Standard LaTeX document class
(/usr/share/texmf-texlive/tex/latex/base/size10.clo
File: size10.clo 2007/10/19 v1.4h Standard LaTeX file (size option)
)
\c@part=\count79
\c@section=\count80
\c@subsection=\count81
\c@subsubsection=\count82
\c@paragraph=\count83
\c@subparagraph=\count84
\c@figure=\count85
\c@table=\count86
\abovecaptionskip=\skip41
\belowcaptionskip=\skip42
\bibindent=\dimen103
)
(/usr/share/texmf-texlive/tex/latex/graphics/graphicx.sty
Package: graphicx 1999/02/16 v1.0f Enhanced LaTeX Graphics (DPC,SPQR)

(/usr/share/texmf-texlive/tex/latex/graphics/keyval.sty
Package: keyval 1999/03/16 v1.13 key=value parser (DPC)
\KV@toks@=\toks14
)
(/usr/share/texmf-texlive/tex/latex/graphics/graphics.sty
Package: graphics 2009/02/05 v1.0o Standard LaTeX Graphics (DPC,SPQR)

(/usr/share/texmf-texlive/tex/latex/graphics/trig.sty
Package: trig 1999/03/16 v1.09 sin cos tan (DPC)
)
(/etc/texmf/tex/latex/config/graphics.cfg
File: graphics.cfg 2009/08/28 v1.8 graphics configuration of TeX Live
)
Package graphics Info: Driver file: pdftex.def on input line 91.

(/usr/share/texmf-texlive/tex/latex/pdftex-def/pdftex.def
File: pdftex.def 2010/03/12 v0.04p Graphics/color for pdfTeX
\Gread@gobject=\count87
))
\Gin@req@height=\dimen104
\Gin@req@width=\dimen105
)
(/usr/share/texmf-texlive/tex/latex/psnfss/pifont.sty
Package: pifont 2005/04/12 PSNFSS-v9.2a Pi font support (SPQR) 
LaTeX Font Info:    Try loading font information for U+pzd on input line 63.

(/usr/share/texmf-texlive/tex/latex/psnfss/upzd.fd
File: upzd.fd 2001/06/04 font definitions for U/pzd.
)
LaTeX Font Info:    Try loading font information for U+psy on input line 64.

(/usr/share/texmf-texlive/tex/latex/psnfss/upsy.fd
File: upsy.fd 2001/06/04 font definitions for U/psy.
))
\c@tnote=\count88
\c@fnote=\count89
\c@cnote=\count90
\c@ead=\count91
\c@author=\count92
\@eadauthor=\toks15
\c@affn=\count93
\absbox=\box26
\keybox=\box27
\Columnwidth=\dimen106
\space@left=\dimen107
\els@boxa=\box28
\els@boxb=\box29
\leftMargin=\dimen108
\@enLab=\toks16
\@sep=\skip43
\@@sep=\skip44
 (./pmc_tutorial.spl)
(/usr/share/texmf-texlive/tex/latex/natbib/natbib.sty
Package: natbib 2009/07/16 8.31 (PWD, AO)
\bibhang=\skip45
\bibsep=\skip46
LaTeX Info: Redefining \cite on input line 694.
\c@NAT@ctr=\count94
)
\splwrite=\write3
\openout3 = `pmc_tutorial.spl'.

)
(/usr/share/texmf-texlive/tex/latex/graphics/color.sty
Package: color 2005/11/14 v1.0j Standard LaTeX Color (DPC)

(/etc/texmf/tex/latex/config/color.cfg
File: color.cfg 2007/01/18 v1.5 color configuration of teTeX/TeXLive
)
Package color Info: Driver file: pdftex.def on input line 130.
)
\hlnormalsizeboxclosebrace=\box30
\hlnormalsizeboxopenbrace=\box31
\hlnormalsizeboxbackslash=\box32
\hlnormalsizeboxlessthan=\box33
\hlnormalsizeboxgreaterthan=\box34
\hlnormalsizeboxdollar=\box35
\hlnormalsizeboxunderscore=\box36
\hlnormalsizeboxand=\box37
\hlnormalsizeboxhash=\box38
\hlnormalsizeboxat=\box39
\hlnormalsizeboxpercent=\box40
\hlnormalsizeboxhat=\box41
\hlnormalsizeboxsinglequote=\box42
\hlnormalsizeboxbacktick=\box43
\hltinyboxclosebrace=\box44
\hltinyboxopenbrace=\box45
\hltinyboxbackslash=\box46
\hltinyboxlessthan=\box47
\hltinyboxgreaterthan=\box48
\hltinyboxdollar=\box49
\hltinyboxunderscore=\box50
\hltinyboxand=\box51
\hltinyboxhash=\box52
\hltinyboxat=\box53
\hltinyboxpercent=\box54
\hltinyboxhat=\box55
\hltinyboxsinglequote=\box56
\hltinyboxbacktick=\box57
\hlscriptsizeboxclosebrace=\box58
\hlscriptsizeboxopenbrace=\box59
\hlscriptsizeboxbackslash=\box60
\hlscriptsizeboxlessthan=\box61
\hlscriptsizeboxgreaterthan=\box62
\hlscriptsizeboxdollar=\box63
\hlscriptsizeboxunderscore=\box64
\hlscriptsizeboxand=\box65
\hlscriptsizeboxhash=\box66
\hlscriptsizeboxat=\box67
\hlscriptsizeboxpercent=\box68
\hlscriptsizeboxhat=\box69
\hlscriptsizeboxsinglequote=\box70
\hlscriptsizeboxbacktick=\box71
\hlfootnotesizeboxclosebrace=\box72
\hlfootnotesizeboxopenbrace=\box73
\hlfootnotesizeboxbackslash=\box74
\hlfootnotesizeboxlessthan=\box75
\hlfootnotesizeboxgreaterthan=\box76
\hlfootnotesizeboxdollar=\box77
\hlfootnotesizeboxunderscore=\box78
\hlfootnotesizeboxand=\box79
\hlfootnotesizeboxhash=\box80
\hlfootnotesizeboxat=\box81
\hlfootnotesizeboxpercent=\box82
\hlfootnotesizeboxhat=\box83
\hlfootnotesizeboxsinglequote=\box84
\hlfootnotesizeboxbacktick=\box85
\hlsmallboxclosebrace=\box86
\hlsmallboxopenbrace=\box87
\hlsmallboxbackslash=\box88
\hlsmallboxlessthan=\box89
\hlsmallboxgreaterthan=\box90
\hlsmallboxdollar=\box91
\hlsmallboxunderscore=\box92
\hlsmallboxand=\box93
\hlsmallboxhash=\box94
\hlsmallboxat=\box95
\hlsmallboxpercent=\box96
\hlsmallboxhat=\box97
\hlsmallboxsinglequote=\box98
\hlsmallboxbacktick=\box99
\hllargeboxclosebrace=\box100
\hllargeboxopenbrace=\box101
\hllargeboxbackslash=\box102
\hllargeboxlessthan=\box103
\hllargeboxgreaterthan=\box104
\hllargeboxdollar=\box105
\hllargeboxunderscore=\box106
\hllargeboxand=\box107
\hllargeboxhash=\box108
\hllargeboxat=\box109
\hllargeboxpercent=\box110
\hllargeboxhat=\box111
\hllargeboxsinglequote=\box112
\hllargeboxbacktick=\box113
\hlLargeboxclosebrace=\box114
\hlLargeboxopenbrace=\box115
\hlLargeboxbackslash=\box116
\hlLargeboxlessthan=\box117
\hlLargeboxgreaterthan=\box118
\hlLargeboxdollar=\box119
\hlLargeboxunderscore=\box120
\hlLargeboxand=\box121
\hlLargeboxhash=\box122
\hlLargeboxat=\box123
\hlLargeboxpercent=\box124
\hlLargeboxhat=\box125
\hlLargeboxsinglequote=\box126
\hlLargeboxbacktick=\box127
\hlLARGEboxclosebrace=\box128
\hlLARGEboxopenbrace=\box129
\hlLARGEboxbackslash=\box130
\hlLARGEboxlessthan=\box131
\hlLARGEboxgreaterthan=\box132
\hlLARGEboxdollar=\box133
\hlLARGEboxunderscore=\box134
\hlLARGEboxand=\box135
\hlLARGEboxhash=\box136
\hlLARGEboxat=\box137
\hlLARGEboxpercent=\box138
\hlLARGEboxhat=\box139
\hlLARGEboxsinglequote=\box140
\hlLARGEboxbacktick=\box141
\hlhugeboxclosebrace=\box142
\hlhugeboxopenbrace=\box143
\hlhugeboxbackslash=\box144
\hlhugeboxlessthan=\box145
\hlhugeboxgreaterthan=\box146
\hlhugeboxdollar=\box147
\hlhugeboxunderscore=\box148
\hlhugeboxand=\box149
\hlhugeboxhash=\box150
\hlhugeboxat=\box151
\hlhugeboxpercent=\box152
\hlhugeboxhat=\box153
\hlhugeboxsinglequote=\box154
\hlhugeboxbacktick=\box155
\hlHugeboxclosebrace=\box156
\hlHugeboxopenbrace=\box157
\hlHugeboxbackslash=\box158
\hlHugeboxlessthan=\box159
\hlHugeboxgreaterthan=\box160
\hlHugeboxdollar=\box161
\hlHugeboxunderscore=\box162
\hlHugeboxand=\box163
\hlHugeboxhash=\box164
\hlHugeboxat=\box165
\hlHugeboxpercent=\box166
\hlHugeboxhat=\box167
\hlHugeboxsinglequote=\box168
\hlHugeboxbacktick=\box169

(/usr/share/texmf-texlive/tex/latex/ltxmisc/framed.sty
Package: framed 2007/10/04 v 0.95: framed or shaded text with page breaks
\fb@frw=\dimen109
\fb@frh=\dimen110
\FrameRule=\dimen111
\FrameSep=\dimen112
)
(/usr/share/texmf-texlive/tex/latex/hyperref/hyperref.sty
Package: hyperref 2009/10/09 v6.79a Hypertext links for LaTeX

(/usr/share/texmf-texlive/tex/generic/oberdiek/ifpdf.sty
Package: ifpdf 2009/04/10 v2.0 Provides the ifpdf switch (HO)
Package ifpdf Info: pdfTeX in pdf mode detected.
)
(/usr/share/texmf-texlive/tex/generic/oberdiek/ifvtex.sty
Package: ifvtex 2008/11/04 v1.4 Switches for detecting VTeX and its modes (HO)
Package ifvtex Info: VTeX not detected.
)
(/usr/share/texmf-texlive/tex/generic/ifxetex/ifxetex.sty
Package: ifxetex 2009/01/23 v0.5 Provides ifxetex conditional
)
(/usr/share/texmf-texlive/tex/latex/oberdiek/hycolor.sty
Package: hycolor 2009/10/02 v1.5 Code for color options of hyperref/bookmark (H
O)

(/usr/share/texmf-texlive/tex/latex/oberdiek/xcolor-patch.sty
Package: xcolor-patch 2009/10/02 xcolor patch
))
\@linkdim=\dimen113
\Hy@linkcounter=\count95
\Hy@pagecounter=\count96

(/usr/share/texmf-texlive/tex/latex/hyperref/pd1enc.def
File: pd1enc.def 2009/10/09 v6.79a Hyperref: PDFDocEncoding definition (HO)
)
(/usr/share/texmf-texlive/tex/generic/oberdiek/etexcmds.sty
Package: etexcmds 2007/12/12 v1.2 Prefix for e-TeX command names (HO)

(/usr/share/texmf-texlive/tex/generic/oberdiek/infwarerr.sty
Package: infwarerr 2007/09/09 v1.2 Providing info/warning/message (HO)
)
Package etexcmds Info: Could not find \expanded.
(etexcmds)             That can mean that you are not using pdfTeX 1.50 or
(etexcmds)             that some package has redefined \expanded.
(etexcmds)             In the latter case, load this package earlier.
)
(/usr/share/texmf-texlive/tex/latex/latexconfig/hyperref.cfg
File: hyperref.cfg 2002/06/06 v1.2 hyperref configuration of TeXLive
)
(/usr/share/texmf-texlive/tex/latex/oberdiek/kvoptions.sty
Package: kvoptions 2009/08/13 v3.4 Keyval support for LaTeX options (HO)

(/usr/share/texmf-texlive/tex/generic/oberdiek/kvsetkeys.sty
Package: kvsetkeys 2009/07/30 v1.5 Key value parser with default handler suppor
t (HO)
))
Package hyperref Info: Option `colorlinks' set `true' on input line 2864.
Package hyperref Info: Hyper figures OFF on input line 2975.
Package hyperref Info: Link nesting OFF on input line 2980.
Package hyperref Info: Hyper index ON on input line 2983.
Package hyperref Info: Plain pages OFF on input line 2990.
Package hyperref Info: Backreferencing OFF on input line 2995.

Implicit mode ON; LaTeX internals redefined
Package hyperref Info: Bookmarks ON on input line 3191.
(/usr/share/texmf-texlive/tex/latex/ltxmisc/url.sty
\Urlmuskip=\muskip10
Package: url 2006/04/12  ver 3.3  Verb mode for urls, etc.
)
LaTeX Info: Redefining \url on input line 3428.

(/usr/share/texmf-texlive/tex/generic/oberdiek/bitset.sty
Package: bitset 2007/09/28 v1.0 Data type bit set (HO)

(/usr/share/texmf-texlive/tex/generic/oberdiek/intcalc.sty
Package: intcalc 2007/09/27 v1.1 Expandable integer calculations (HO)
)
(/usr/share/texmf-texlive/tex/generic/oberdiek/bigintcalc.sty
Package: bigintcalc 2007/11/11 v1.1 Expandable big integer calculations (HO)

(/usr/share/texmf-texlive/tex/generic/oberdiek/pdftexcmds.sty
Package: pdftexcmds 2009/09/23 v0.6 LuaTeX support for pdfTeX utility functions
 (HO)

(/usr/share/texmf-texlive/tex/generic/oberdiek/ifluatex.sty
Package: ifluatex 2009/04/17 v1.2 Provides the ifluatex switch (HO)
Package ifluatex Info: LuaTeX not detected.
)
(/usr/share/texmf-texlive/tex/generic/oberdiek/ltxcmds.sty
Package: ltxcmds 2009/08/05 v1.0 Some LaTeX kernel commands for general use (HO
)
)
Package pdftexcmds Info: LuaTeX not detected.
Package pdftexcmds Info: \pdf@primitive is available.
Package pdftexcmds Info: \pdf@ifprimitive is available.
)))
\Fld@menulength=\count97
\Field@Width=\dimen114
\Fld@charsize=\dimen115
\Field@toks=\toks17
Package hyperref Info: Hyper figures OFF on input line 4377.
Package hyperref Info: Link nesting OFF on input line 4382.
Package hyperref Info: Hyper index ON on input line 4385.
Package hyperref Info: backreferencing OFF on input line 4392.
Package hyperref Info: Link coloring ON on input line 4395.
Package hyperref Info: Link coloring with OCG OFF on input line 4402.
Package hyperref Info: PDF/A mode OFF on input line 4407.

(/usr/share/texmf-texlive/tex/generic/oberdiek/atbegshi.sty
Package: atbegshi 2008/07/31 v1.9 At begin shipout hook (HO)
)
\Hy@abspage=\count98
\c@Item=\count99
\c@Hfootnote=\count100
)
*hyperref using driver hpdftex*
(/usr/share/texmf-texlive/tex/latex/hyperref/hpdftex.def
File: hpdftex.def 2009/10/09 v6.79a Hyperref driver for pdfTeX
\Fld@listcount=\count101
)
(/usr/share/texmf-texlive/tex/latex/amsmath/amsmath.sty
Package: amsmath 2000/07/18 v2.13 AMS math features
\@mathmargin=\skip47

For additional information on amsmath, use the `?' option.
(/usr/share/texmf-texlive/tex/latex/amsmath/amstext.sty
Package: amstext 2000/06/29 v2.01

(/usr/share/texmf-texlive/tex/latex/amsmath/amsgen.sty
File: amsgen.sty 1999/11/30 v2.0
\@emptytoks=\toks18
\ex@=\dimen116
))
(/usr/share/texmf-texlive/tex/latex/amsmath/amsbsy.sty
Package: amsbsy 1999/11/29 v1.2d
\pmbraise@=\dimen117
)
(/usr/share/texmf-texlive/tex/latex/amsmath/amsopn.sty
Package: amsopn 1999/12/14 v2.01 operator names
)
\inf@bad=\count102
LaTeX Info: Redefining \frac on input line 211.
\uproot@=\count103
\leftroot@=\count104
LaTeX Info: Redefining \overline on input line 307.
\classnum@=\count105
\DOTSCASE@=\count106
LaTeX Info: Redefining \ldots on input line 379.
LaTeX Info: Redefining \dots on input line 382.
LaTeX Info: Redefining \cdots on input line 467.
\Mathstrutbox@=\box170
\strutbox@=\box171
\big@size=\dimen118
LaTeX Font Info:    Redeclaring font encoding OML on input line 567.
LaTeX Font Info:    Redeclaring font encoding OMS on input line 568.
\macc@depth=\count107
\c@MaxMatrixCols=\count108
\dotsspace@=\muskip11
\c@parentequation=\count109
\dspbrk@lvl=\count110
\tag@help=\toks19
\row@=\count111
\column@=\count112
\maxfields@=\count113
\andhelp@=\toks20
\eqnshift@=\dimen119
\alignsep@=\dimen120
\tagshift@=\dimen121
\tagwidth@=\dimen122
\totwidth@=\dimen123
\lineht@=\dimen124
\@envbody=\toks21
\multlinegap=\skip48
\multlinetaggap=\skip49
\mathdisplay@stack=\toks22
LaTeX Info: Redefining \[ on input line 2666.
LaTeX Info: Redefining \] on input line 2667.
)
(/usr/share/texmf-texlive/tex/latex/amsfonts/amsfonts.sty
Package: amsfonts 2009/06/22 v3.00 Basic AMSFonts support
\symAMSa=\mathgroup4
\symAMSb=\mathgroup5
LaTeX Font Info:    Overwriting math alphabet `\mathfrak' in version `bold'
(Font)                  U/euf/m/n --> U/euf/b/n on input line 96.
)
(/usr/share/texmf-texlive/tex/latex/booktabs/booktabs.sty
Package: booktabs 2005/04/14 v1.61803 publication quality tables
\heavyrulewidth=\dimen125
\lightrulewidth=\dimen126
\cmidrulewidth=\dimen127
\belowrulesep=\dimen128
\belowbottomsep=\dimen129
\aboverulesep=\dimen130
\abovetopsep=\dimen131
\cmidrulesep=\dimen132
\cmidrulekern=\dimen133
\defaultaddspace=\dimen134
\@cmidla=\count114
\@cmidlb=\count115
\@aboverulesep=\dimen135
\@belowrulesep=\dimen136
\@thisruleclass=\count116
\@lastruleclass=\count117
\@thisrulewidth=\dimen137
)
(/usr/share/texmf/tex/latex/R/tex/latex/Sweave.sty
Package: Sweave 

(/usr/share/texmf-texlive/tex/latex/base/ifthen.sty
Package: ifthen 2001/05/26 v1.1c Standard LaTeX ifthen package (DPC)
)
(/usr/share/texmf-texlive/tex/latex/fancyvrb/fancyvrb.sty
Package: fancyvrb 2008/02/07

Style option: `fancyvrb' v2.7a, with DG/SPQR fixes, and firstline=lastline fix 
<2008/02/07> (tvz)
\FV@CodeLineNo=\count118
\FV@InFile=\read1
\FV@TabBox=\box172
\c@FancyVerbLine=\count119
\FV@StepNumber=\count120
\FV@OutFile=\write4
) (/usr/share/texmf/tex/latex/R/tex/latex/upquote.sty
Package: upquote 2003/08/11 v1.1 Covington's upright-quote modification to verb
atim and verb

(/usr/share/texmf-texlive/tex/latex/base/textcomp.sty
Package: textcomp 2005/09/27 v1.99g Standard LaTeX package
Package textcomp Info: Sub-encoding information:
(textcomp)               5 = only ISO-Adobe without \textcurrency
(textcomp)               4 = 5 + \texteuro
(textcomp)               3 = 4 + \textohm
(textcomp)               2 = 3 + \textestimated + \textcurrency
(textcomp)               1 = TS1 - \textcircled - \t
(textcomp)               0 = TS1 (full)
(textcomp)             Font families with sub-encoding setting implement
(textcomp)             only a restricted character set as indicated.
(textcomp)             Family '?' is the default used for unknown fonts.
(textcomp)             See the documentation for details.
Package textcomp Info: Setting ? sub-encoding to TS1/1 on input line 71.

(/usr/share/texmf-texlive/tex/latex/base/ts1enc.def
File: ts1enc.def 2001/06/05 v3.0e (jk/car/fm) Standard LaTeX file
)
LaTeX Info: Redefining \oldstylenums on input line 266.
Package textcomp Info: Setting cmr sub-encoding to TS1/0 on input line 281.
Package textcomp Info: Setting cmss sub-encoding to TS1/0 on input line 282.
Package textcomp Info: Setting cmtt sub-encoding to TS1/0 on input line 283.
Package textcomp Info: Setting cmvtt sub-encoding to TS1/0 on input line 284.
Package textcomp Info: Setting cmbr sub-encoding to TS1/0 on input line 285.
Package textcomp Info: Setting cmtl sub-encoding to TS1/0 on input line 286.
Package textcomp Info: Setting ccr sub-encoding to TS1/0 on input line 287.
Package textcomp Info: Setting ptm sub-encoding to TS1/4 on input line 288.
Package textcomp Info: Setting pcr sub-encoding to TS1/4 on input line 289.
Package textcomp Info: Setting phv sub-encoding to TS1/4 on input line 290.
Package textcomp Info: Setting ppl sub-encoding to TS1/3 on input line 291.
Package textcomp Info: Setting pag sub-encoding to TS1/4 on input line 292.
Package textcomp Info: Setting pbk sub-encoding to TS1/4 on input line 293.
Package textcomp Info: Setting pnc sub-encoding to TS1/4 on input line 294.
Package textcomp Info: Setting pzc sub-encoding to TS1/4 on input line 295.
Package textcomp Info: Setting bch sub-encoding to TS1/4 on input line 296.
Package textcomp Info: Setting put sub-encoding to TS1/5 on input line 297.
Package textcomp Info: Setting uag sub-encoding to TS1/5 on input line 298.
Package textcomp Info: Setting ugq sub-encoding to TS1/5 on input line 299.
Package textcomp Info: Setting ul8 sub-encoding to TS1/4 on input line 300.
Package textcomp Info: Setting ul9 sub-encoding to TS1/4 on input line 301.
Package textcomp Info: Setting augie sub-encoding to TS1/5 on input line 302.
Package textcomp Info: Setting dayrom sub-encoding to TS1/3 on input line 303.
Package textcomp Info: Setting dayroms sub-encoding to TS1/3 on input line 304.

Package textcomp Info: Setting pxr sub-encoding to TS1/0 on input line 305.
Package textcomp Info: Setting pxss sub-encoding to TS1/0 on input line 306.
Package textcomp Info: Setting pxtt sub-encoding to TS1/0 on input line 307.
Package textcomp Info: Setting txr sub-encoding to TS1/0 on input line 308.
Package textcomp Info: Setting txss sub-encoding to TS1/0 on input line 309.
Package textcomp Info: Setting txtt sub-encoding to TS1/0 on input line 310.
Package textcomp Info: Setting futs sub-encoding to TS1/4 on input line 311.
Package textcomp Info: Setting futx sub-encoding to TS1/4 on input line 312.
Package textcomp Info: Setting futj sub-encoding to TS1/4 on input line 313.
Package textcomp Info: Setting hlh sub-encoding to TS1/3 on input line 314.
Package textcomp Info: Setting hls sub-encoding to TS1/3 on input line 315.
Package textcomp Info: Setting hlst sub-encoding to TS1/3 on input line 316.
Package textcomp Info: Setting hlct sub-encoding to TS1/5 on input line 317.
Package textcomp Info: Setting hlx sub-encoding to TS1/5 on input line 318.
Package textcomp Info: Setting hlce sub-encoding to TS1/5 on input line 319.
Package textcomp Info: Setting hlcn sub-encoding to TS1/5 on input line 320.
Package textcomp Info: Setting hlcw sub-encoding to TS1/5 on input line 321.
Package textcomp Info: Setting hlcf sub-encoding to TS1/5 on input line 322.
Package textcomp Info: Setting pplx sub-encoding to TS1/3 on input line 323.
Package textcomp Info: Setting pplj sub-encoding to TS1/3 on input line 324.
Package textcomp Info: Setting ptmx sub-encoding to TS1/4 on input line 325.
Package textcomp Info: Setting ptmj sub-encoding to TS1/4 on input line 326.
))
(/usr/share/texmf-texlive/tex/latex/base/fontenc.sty
Package: fontenc 2005/09/27 v1.99g Standard LaTeX package

(/usr/share/texmf-texlive/tex/latex/base/t1enc.def
File: t1enc.def 2005/09/27 v1.99g Standard LaTeX file
LaTeX Font Info:    Redeclaring font encoding T1 on input line 43.
))
(/usr/share/texmf-texlive/tex/latex/ae/ae.sty
Package: ae 2001/02/12 1.3 Almost European Computer Modern

(/usr/share/texmf-texlive/tex/latex/base/fontenc.sty
Package: fontenc 2005/09/27 v1.99g Standard LaTeX package

(/usr/share/texmf-texlive/tex/latex/base/t1enc.def
File: t1enc.def 2005/09/27 v1.99g Standard LaTeX file
LaTeX Font Info:    Redeclaring font encoding T1 on input line 43.
)
LaTeX Font Info:    Try loading font information for T1+aer on input line 100.

(/usr/share/texmf-texlive/tex/latex/ae/t1aer.fd
File: t1aer.fd 1997/11/16 Font definitions for T1/aer.
)))) (./pmc_tutorial.aux)
\openout1 = `pmc_tutorial.aux'.

LaTeX Font Info:    Checking defaults for OML/cmm/m/it on input line 414.
LaTeX Font Info:    ... okay on input line 414.
LaTeX Font Info:    Checking defaults for T1/cmr/m/n on input line 414.
LaTeX Font Info:    ... okay on input line 414.
LaTeX Font Info:    Checking defaults for OT1/cmr/m/n on input line 414.
LaTeX Font Info:    ... okay on input line 414.
LaTeX Font Info:    Checking defaults for OMS/cmsy/m/n on input line 414.
LaTeX Font Info:    ... okay on input line 414.
LaTeX Font Info:    Checking defaults for OMX/cmex/m/n on input line 414.
LaTeX Font Info:    ... okay on input line 414.
LaTeX Font Info:    Checking defaults for U/cmr/m/n on input line 414.
LaTeX Font Info:    ... okay on input line 414.
LaTeX Font Info:    Checking defaults for PD1/pdf/m/n on input line 414.
LaTeX Font Info:    ... okay on input line 414.
LaTeX Font Info:    Checking defaults for TS1/cmr/m/n on input line 414.
LaTeX Font Info:    Try loading font information for TS1+cmr on input line 414.


(/usr/share/texmf-texlive/tex/latex/base/ts1cmr.fd
File: ts1cmr.fd 1999/05/25 v2.5h Standard LaTeX font definitions
)
LaTeX Font Info:    ... okay on input line 414.

(/usr/share/texmf-texlive/tex/context/base/supp-pdf.mkii
[Loading MPS to PDF converter (version 2006.09.02).]
\scratchcounter=\count121
\scratchdimen=\dimen138
\scratchbox=\box173
\nofMPsegments=\count122
\nofMParguments=\count123
\everyMPshowfont=\toks23
\MPscratchCnt=\count124
\MPscratchDim=\dimen139
\MPnumerator=\count125
\everyMPtoPDFconversion=\toks24
)
Package hyperref Info: Link coloring ON on input line 414.
 (/usr/share/texmf-texlive/tex/latex/hyperref/nameref.sty
Package: nameref 2007/05/29 v2.31 Cross-referencing by name of section

(/usr/share/texmf-texlive/tex/latex/oberdiek/refcount.sty
Package: refcount 2008/08/11 v3.1 Data extraction from references (HO)
)
\c@section@level=\count126
)
LaTeX Info: Redefining \ref on input line 414.
LaTeX Info: Redefining \pageref on input line 414.
 (./pmc_tutorial.out) (./pmc_tutorial.out)
\@outlinefile=\write5
\openout5 = `pmc_tutorial.out'.

\AtBeginShipoutBox=\box174
LaTeX Font Info:    Try loading font information for U+msa on input line 430.
 (/usr/share/texmf-texlive/tex/latex/amsfonts/umsa.fd
File: umsa.fd 2009/06/22 v3.00 AMS symbols A
)
LaTeX Font Info:    Try loading font information for U+msb on input line 430.

(/usr/share/texmf-texlive/tex/latex/amsfonts/umsb.fd
File: umsb.fd 2009/06/22 v3.00 AMS symbols B
)
LaTeX Font Info:    Try loading font information for T1+aett on input line 430.


(/usr/share/texmf-texlive/tex/latex/ae/t1aett.fd
File: t1aett.fd 1997/11/16 Font definitions for T1/aett.
)

LaTeX Font Warning: Font shape `T1/aett/bx/n' undefined
(Font)              using `T1/aett/m/n' instead on input line 451.

[1


{/var/lib/texmf/fonts/map/pdftex/updmap/pdftex.map}]
LaTeX Font Info:    Try loading font information for TS1+aer on input line 523.


(/usr/share/texmf/tex/latex/R/tex/latex/ts1aer.fd
File: ts1aer.fd 
)
LaTeX Font Info:    Font shape `TS1/aer/m/n' in size <10> not available
(Font)              Font shape `TS1/cmr/m/n' tried instead on input line 523.

<Fig1a.pdf, id=54, 361.35pt x 361.35pt>
File: Fig1a.pdf Graphic file (type pdf)
 <use Fig1a.pdf>
File: Fig1a.pdf Graphic file (type pdf)
 <use Fig1a.pdf>
[2] [3 <./Fig1a.pdf>] <allpars.pdf, id=71, 505.89pt x 505.89pt>
File: allpars.pdf Graphic file (type pdf)

<use allpars.pdf> [4] [5 <./allpars.pdf>]
<plot_anoles.pdf, id=88, 722.7pt x 722.7pt>
File: plot_anoles.pdf Graphic file (type pdf)
 <use plot_anoles.pdf>

LaTeX Warning: Float too large for page by 27.55342pt on input line 787.

<earlyburst_fig.pdf, id=91, 361.35pt x 361.35pt>
File: earlyburst_fig.pdf Graphic file (type pdf)
 <use earlyburst_fig.pdf>
LaTeX Font Info:    Try loading font information for TS1+aett on input line 893
.

(/usr/share/texmf/tex/latex/R/tex/latex/ts1aett.fd
File: ts1aett.fd 
)
LaTeX Font Info:    Try loading font information for TS1+cmtt on input line 893
.

(/usr/share/texmf-texlive/tex/latex/base/ts1cmtt.fd
File: ts1cmtt.fd 1999/05/25 v2.5h Standard LaTeX font definitions
)
LaTeX Font Info:    Font shape `TS1/aett/m/n' in size <10> not available
(Font)              Font shape `TS1/cmtt/m/n' tried instead on input line 893.
 [6] [7 <./plot_anoles.pdf>] [8 <./earlyburst_fig.pdf>] <Fig6a.pdf, id=127, 361
.35pt x 361.35pt>
File: Fig6a.pdf Graphic file (type pdf)

<use Fig6a.pdf> <Fig6b.pdf, id=128, 361.35pt x 361.35pt>
File: Fig6b.pdf Graphic file (type pdf)
 <use Fig6b.pdf>
(./pmc_tutorial.bbl) [9] [10 <./Fig6a.pdf>] [11 <./Fig6b.pdf>]
(./pmc_tutorial.aux)

LaTeX Font Warning: Some font shapes were not available, defaults substituted.

 ) 
Here is how much of TeX's memory you used:
 6985 strings out of 493848
 97653 string characters out of 1152822
 181618 words of memory out of 3000000
 10033 multiletter control sequences out of 15000+50000
 38632 words of font info for 95 fonts, out of 3000000 for 9000
 714 hyphenation exceptions out of 8191
 38i,9n,36p,697b,352s stack positions out of 5000i,500n,10000p,200000b,50000s
{/usr/share/texmf/fonts/enc/dvips/cm-super/cm-super-ts1.enc}</usr/share/texmf
-texlive/fonts/type1/public/amsfonts/cm/cmbx10.pfb></usr/share/texmf-texlive/fo
nts/type1/public/amsfonts/cm/cmr10.pfb></usr/share/texmf-texlive/fonts/type1/pu
blic/amsfonts/cm/cmr12.pfb></usr/share/texmf-texlive/fonts/type1/public/amsfont
s/cm/cmr6.pfb></usr/share/texmf-texlive/fonts/type1/public/amsfonts/cm/cmr7.pfb
></usr/share/texmf-texlive/fonts/type1/public/amsfonts/cm/cmr8.pfb></usr/share/
texmf-texlive/fonts/type1/public/amsfonts/cm/cmsy6.pfb></usr/share/texmf-texliv
e/fonts/type1/public/amsfonts/cm/cmsy7.pfb></usr/share/texmf-texlive/fonts/type
1/public/amsfonts/cm/cmti10.pfb></usr/share/texmf-texlive/fonts/type1/public/am
sfonts/cm/cmti7.pfb></usr/share/texmf-texlive/fonts/type1/public/amsfonts/cm/cm
ti8.pfb></usr/share/texmf-texlive/fonts/type1/public/amsfonts/cm/cmtt10.pfb></u
sr/share/texmf-texlive/fonts/type1/public/amsfonts/cm/cmtt12.pfb></usr/share/te
xmf-texlive/fonts/type1/public/amsfonts/cm/cmtt8.pfb></usr/share/texmf/fonts/ty
pe1/public/cm-super/sfrm1000.pfb></usr/share/texmf/fonts/type1/public/cm-super/
sftt1000.pfb>
Output written on pmc_tutorial.pdf (11 pages, 290232 bytes).
PDF statistics:
 217 PDF objects out of 1000 (max. 8388607)
 27 named destinations out of 1000 (max. 500000)
 87 words of extra memory for PDF output out of 10000 (max. 10000000)

